<?xml version="1.0" encoding="UTF-8"?>
<testsuite name="Test" tests="1" skipped="0" failures="0" errors="0" timestamp="2020-02-11T12:33:24" hostname="Tobiass-MBP.fritz.box" time="0.066">
  <properties/>
  <testcase name="start" classname="Test" time="0.066"/>
  <system-out><![CDATA[?[1;31m
Start test 1?[0m
>/exit
Bye!
?[1;31m
Start test 2?[0m
>17 9
26
>-2 5
3
>
>7
7
>/exit
Bye!
?[1;31m
Start test 3?[0m
>100 200
300
>500
500
>300 400
700
>200
200
>
>
>-500
-500
>/exit
Bye!
?[1;31m
Start test 4?[0m
>801 199 -300 500
1200
>10 20 30 40 50 -10 -20 -30 -40
50
>/exit
Bye!
]]></system-out>
  <system-err><![CDATA[]]></system-err>
</testsuite>
