<?xml version="1.0" encoding="UTF-8"?>
<testsuite name="Test" tests="1" skipped="0" failures="0" errors="0" timestamp="2020-02-12T05:42:46" hostname="Tobiass-MBP.fritz.box" time="0.061">
  <properties/>
  <testcase name="start" classname="Test" time="0.061"/>
  <system-out><![CDATA[?[1;31m
Start test 1?[0m
>100 + 200 - 300
0
>/exit
Bye!
?[1;31m
Start test 2?[0m
>4 + 6 - 8
2
>2 - 3 - 4
-5
>/exit
Bye!
?[1;31m
Start test 3?[0m
>8
8
>
>-2 + 4 - 5 + 6
3
>9 +++ 10 -- 8
27
>3 --- 5
-2
>14     -  12
2
>/exit
Bye!
]]></system-out>
  <system-err><![CDATA[]]></system-err>
</testsuite>
